<?xml version="1.0" encoding="UTF-8"?>
<!-- Generated by org.testng.reporters.JUnitReportReporter -->
<testsuite hostname="joe-0KPNR-ustwo" failures="0" tests="1" name="Tests.FirstiOSTest" time="0.880" errors="0" timestamp="22 Dec 2022 16:23:22 GMT" skipped="0">
  <testcase classname="Tests.FirstiOSTest" name="click_App_Button" time="0.880"/>
</testsuite> <!-- Tests.FirstiOSTest -->
